ISim log file
Running: /home/student1/a35choud/Desktop/COE758/COE758_Project1_Asif_Chris/TOP_Module_isim_beh.exe -intstyle ise -gui -tclbatch isim.cmd -wdb /home/student1/a35choud/Desktop/COE758/COE758_Project1_Asif_Chris/TOP_Module_isim_beh.wdb 
ISim O.87xd (signature 0x8ddf5b5d)
----------------------------------------------------------------------
INFO:Security:51 - The XILINXD_LICENSE_FILE environment variable is not set.
INFO:Security:52 - The LM_LICENSE_FILE environment variable is set to '/CMC/licenses/xilinx.license'.
WARNING:Security:43 - No license file was found in the standard Xilinx license directory.
WARNING:Security:44 - Since no license file was found,
       please run the Xilinx License Configuration Manager
       (xlcm or "Manage Xilinx Licenses")
       to assist in obtaining a license.
WARNING:Security:42 - Your software subscription period has lapsed. Your current version of Xilinx tools will continue to function, but you no longer qualify for Xilinx software updates or new releases.


----------------------------------------------------------------------
This is a Full version of ISim.
Time resolution is 1 ps
# onerror resume
# wave add /
# run 1000 ns
Simulator is doing circuit initialization process.
at 0 ps, Instance /top_module/cache_controller_top/ : Warning: NUMERIC_STD.TO_INTEGER: metavalue detected, returning 0
at 0 ps, Instance /top_module/cache_controller_top/ : Warning: NUMERIC_STD.TO_INTEGER: metavalue detected, returning 0
at 0 ps, Instance /top_module/cache_controller_top/ : Warning: NUMERIC_STD.TO_INTEGER: metavalue detected, returning 0
Finished circuit initialization process.
# run all
# run all
# run all
# run all
# run all
# run all
# run all
# run all
# run all
# run all
# run all
# run all
# run all
# run all
# isim force add /top_module/clk 1 -radix bin -value 0 -radix bin -time 500 ns -repeat 1 us
# isim force add /top_module/clk 1 -radix bin -value 0 -radix bin -time 500 ns -repeat 1 us
# run all
at 1 us, Instance /top_module/cache_sram_top/U0/native_mem_module/mem_module/ : Warning: There is an 'U'|'X'|'W'|'Z'|'-' in an arithmetic operand, the result will be 'X'(es).
at 1 us: Note: Block Memory Generator CORE Generator module is using a behavioral model FOR simulation which will not precisely model memory collision behavior. (/top_module/cache_sram_top/U0/native_mem_module/mem_module/).
at 1 us, Instance /top_module/cache_sram_top/U0/native_mem_module/mem_module/ : Warning: CONV_INTEGER: There is an 'U'|'X'|'W'|'Z'|'-' in an arithmetic operand, and it has been converted to 0.
at 1 us, Instance /top_module/cache_sram_top/U0/native_mem_module/mem_module/ : Warning: CONV_INTEGER: There is an 'U'|'X'|'W'|'Z'|'-' in an arithmetic operand, and it has been converted to 0.
at 1 us, Instance /top_module/cache_sram_top/U0/native_mem_module/mem_module/ : Warning: CONV_INTEGER: There is an 'U'|'X'|'W'|'Z'|'-' in an arithmetic operand, and it has been converted to 0.
at 1 us, Instance /top_module/cache_sram_top/U0/native_mem_module/mem_module/ : Warning: CONV_INTEGER: There is an 'U'|'X'|'W'|'Z'|'-' in an arithmetic operand, and it has been converted to 0.
at 1500 ns, Instance /top_module/cache_sram_top/U0/native_mem_module/mem_module/ : Warning: CONV_INTEGER: There is an 'U'|'X'|'W'|'Z'|'-' in an arithmetic operand, and it has been converted to 0.
at 1500 ns, Instance /top_module/cache_sram_top/U0/native_mem_module/mem_module/ : Warning: CONV_INTEGER: There is an 'U'|'X'|'W'|'Z'|'-' in an arithmetic operand, and it has been converted to 0.
at 2 us(1), Instance /top_module/cache_sram_top/U0/native_mem_module/mem_module/ : Warning: CONV_INTEGER: There is an 'U'|'X'|'W'|'Z'|'-' in an arithmetic operand, and it has been converted to 0.
at 2 us(1), Instance /top_module/cache_sram_top/U0/native_mem_module/mem_module/ : Warning: CONV_INTEGER: There is an 'U'|'X'|'W'|'Z'|'-' in an arithmetic operand, and it has been converted to 0.
at 2 us(1), Instance /top_module/cache_sram_top/U0/native_mem_module/mem_module/ : Warning: CONV_INTEGER: There is an 'U'|'X'|'W'|'Z'|'-' in an arithmetic operand, and it has been converted to 0.
at 2 us(1), Instance /top_module/cache_sram_top/U0/native_mem_module/mem_module/ : Warning: CONV_INTEGER: There is an 'U'|'X'|'W'|'Z'|'-' in an arithmetic operand, and it has been converted to 0.
at 2 us(1), Instance /top_module/sdram_controller_top/ : Warning: NUMERIC_STD.TO_INTEGER: metavalue detected, returning 0
at 2 us(1), Instance /top_module/sdram_controller_top/ : Warning: NUMERIC_STD.TO_INTEGER: metavalue detected, returning 0
Stopped at time : 1837338 us : File "/home/student1/a35choud/Desktop/COE758/COE758_Project1_Asif_Chris/SDRAM_Controller.vhd" Line 52
# isim force add /top_module/clk 0 -radix bin -value 1 -radix bin -time 10 ns -repeat 20 ns
# isim force add /top_module/clk 0 -radix bin -value 1 -radix bin -time 10 ns -repeat 20 ns
# isim force add /top_module/clk 0 -radix bin -value 1 -radix bin -time 10 ns -repeat 20 ns
# run all
Stopped at time : 1837338 us : File "/home/student1/a35choud/Desktop/COE758/COE758_Project1_Asif_Chris/SDRAM_Controller.vhd" Line 52
# restart
# isim force add /top_module/clk 0 -radix bin -value 1 -radix bin -time 10 ns -repeat 20 ns
# isim force add /top_module/clk 0 -radix bin -value 1 -radix bin -time 10 ns -repeat 20 ns
# run all
Simulator is doing circuit initialization process.
at 0 ps, Instance /top_module/cache_controller_top/ : Warning: NUMERIC_STD.TO_INTEGER: metavalue detected, returning 0
at 0 ps, Instance /top_module/cache_controller_top/ : Warning: NUMERIC_STD.TO_INTEGER: metavalue detected, returning 0
at 0 ps, Instance /top_module/cache_controller_top/ : Warning: NUMERIC_STD.TO_INTEGER: metavalue detected, returning 0
Stopped at time : 0 fs : File "/home/student1/a35choud/Desktop/COE758/COE758_Project1_Asif_Chris/SDRAM_Controller.vhd" Line 52
# run all
Finished circuit initialization process.
at 10 ns: Note: Block Memory Generator CORE Generator module is using a behavioral model FOR simulation which will not precisely model memory collision behavior. (/top_module/cache_sram_top/U0/native_mem_module/mem_module/).
at 10 ns, Instance /top_module/cache_sram_top/U0/native_mem_module/mem_module/ : Warning: CONV_INTEGER: There is an 'U'|'X'|'W'|'Z'|'-' in an arithmetic operand, and it has been converted to 0.
at 10 ns, Instance /top_module/cache_sram_top/U0/native_mem_module/mem_module/ : Warning: CONV_INTEGER: There is an 'U'|'X'|'W'|'Z'|'-' in an arithmetic operand, and it has been converted to 0.
at 10 ns, Instance /top_module/cache_sram_top/U0/native_mem_module/mem_module/ : Warning: CONV_INTEGER: There is an 'U'|'X'|'W'|'Z'|'-' in an arithmetic operand, and it has been converted to 0.
at 10 ns, Instance /top_module/cache_sram_top/U0/native_mem_module/mem_module/ : Warning: CONV_INTEGER: There is an 'U'|'X'|'W'|'Z'|'-' in an arithmetic operand, and it has been converted to 0.
at 10 ns, Instance /top_module/sdram_controller_top/ : Warning: NUMERIC_STD.TO_INTEGER: metavalue detected, returning 0
at 10 ns, Instance /top_module/sdram_controller_top/ : Warning: NUMERIC_STD.TO_INTEGER: metavalue detected, returning 0
Stopped at time : 31176690 ns : File "/home/student1/a35choud/Desktop/COE758/COE758_Project1_Asif_Chris/SDRAM_Controller.vhd" Line 52
# exit 0
